0 info it worked if it ends with ok
1 verbose cli [ 'C:\\Program Files (x86)\\nodejs\\node.exe',
1 verbose cli   'C:\\Program Files (x86)\\nodejs\\node_modules\\npm\\bin\\npm-cli.js',
1 verbose cli   'install',
1 verbose cli   'canvas' ]
2 info using npm@3.8.9
3 info using node@v6.2.0
4 silly loadCurrentTree Starting
5 silly install loadCurrentTree
6 silly install readLocalPackageData
7 silly fetchPackageMetaData canvas
8 silly fetchNamedPackageData canvas
9 silly mapToRegistry name canvas
10 silly mapToRegistry using default registry
11 silly mapToRegistry registry https://registry.npmjs.org/
12 silly mapToRegistry data Result {
12 silly mapToRegistry   raw: 'canvas',
12 silly mapToRegistry   scope: null,
12 silly mapToRegistry   name: 'canvas',
12 silly mapToRegistry   rawSpec: '',
12 silly mapToRegistry   spec: 'latest',
12 silly mapToRegistry   type: 'tag' }
13 silly mapToRegistry uri https://registry.npmjs.org/canvas
14 verbose request uri https://registry.npmjs.org/canvas
15 verbose request no auth needed
16 info attempt registry request try #1 at 14:25:16
17 verbose request id a9c5a9a1ec96f4aa
18 verbose etag "4D100HF398RQFEPWHK1UW253O"
19 http request GET https://registry.npmjs.org/canvas
20 http 304 https://registry.npmjs.org/canvas
21 verbose headers { date: 'Wed, 25 May 2016 06:25:18 GMT',
21 verbose headers   via: '1.1 varnish',
21 verbose headers   'cache-control': 'max-age=300',
21 verbose headers   etag: '"4D100HF398RQFEPWHK1UW253O"',
21 verbose headers   age: '0',
21 verbose headers   connection: 'close',
21 verbose headers   'x-served-by': 'cache-ord1742-ORD',
21 verbose headers   'x-cache': 'HIT',
21 verbose headers   'x-cache-hits': '1',
21 verbose headers   'x-timer': 'S1464157518.300686,VS0,VE130',
21 verbose headers   vary: 'Accept-Encoding' }
22 silly get cb [ 304,
22 silly get   { date: 'Wed, 25 May 2016 06:25:18 GMT',
22 silly get     via: '1.1 varnish',
22 silly get     'cache-control': 'max-age=300',
22 silly get     etag: '"4D100HF398RQFEPWHK1UW253O"',
22 silly get     age: '0',
22 silly get     connection: 'close',
22 silly get     'x-served-by': 'cache-ord1742-ORD',
22 silly get     'x-cache': 'HIT',
22 silly get     'x-cache-hits': '1',
22 silly get     'x-timer': 'S1464157518.300686,VS0,VE130',
22 silly get     vary: 'Accept-Encoding' } ]
23 verbose etag https://registry.npmjs.org/canvas from cache
24 verbose get saving canvas to C:\Users\lma5\AppData\Roaming\npm-cache\registry.npmjs.org\canvas\.cache.json
25 verbose correctMkdir C:\Users\lma5\AppData\Roaming\npm-cache correctMkdir not in flight; initializing
26 silly install normalizeTree
27 silly loadCurrentTree Finishing
28 silly loadIdealTree Starting
29 silly install loadIdealTree
30 silly cloneCurrentTree Starting
31 silly install cloneCurrentTreeToIdealTree
32 silly cloneCurrentTree Finishing
33 silly loadShrinkwrap Starting
34 silly install loadShrinkwrap
35 silly loadShrinkwrap Finishing
36 silly loadAllDepsIntoIdealTree Starting
37 silly install loadAllDepsIntoIdealTree
38 silly resolveWithNewModule canvas@1.3.15 checking installable status
39 silly cache add args [ 'canvas', null ]
40 verbose cache add spec canvas
41 silly cache add parsed spec Result {
41 silly cache add   raw: 'canvas',
41 silly cache add   scope: null,
41 silly cache add   name: 'canvas',
41 silly cache add   rawSpec: '',
41 silly cache add   spec: 'latest',
41 silly cache add   type: 'tag' }
42 silly addNamed canvas@latest
43 verbose addNamed "latest" is being treated as a dist-tag for canvas
44 info addNameTag [ 'canvas', 'latest' ]
45 silly mapToRegistry name canvas
46 silly mapToRegistry using default registry
47 silly mapToRegistry registry https://registry.npmjs.org/
48 silly mapToRegistry data Result {
48 silly mapToRegistry   raw: 'canvas',
48 silly mapToRegistry   scope: null,
48 silly mapToRegistry   name: 'canvas',
48 silly mapToRegistry   rawSpec: '',
48 silly mapToRegistry   spec: 'latest',
48 silly mapToRegistry   type: 'tag' }
49 silly mapToRegistry uri https://registry.npmjs.org/canvas
50 verbose addNameTag registry:https://registry.npmjs.org/canvas not in flight; fetching
51 verbose get https://registry.npmjs.org/canvas not expired, no request
52 silly addNameTag next cb for canvas with tag latest
53 silly addNamed canvas@1.3.15
54 verbose addNamed "1.3.15" is a plain semver version for canvas
55 silly cache afterAdd canvas@1.3.15
56 verbose afterAdd C:\Users\lma5\AppData\Roaming\npm-cache\canvas\1.3.15\package\package.json not in flight; writing
57 verbose correctMkdir C:\Users\lma5\AppData\Roaming\npm-cache correctMkdir not in flight; initializing
58 verbose afterAdd C:\Users\lma5\AppData\Roaming\npm-cache\canvas\1.3.15\package\package.json written
59 silly fetchNamedPackageData nan
60 silly mapToRegistry name nan
61 silly mapToRegistry using default registry
62 silly mapToRegistry registry https://registry.npmjs.org/
63 silly mapToRegistry data Result {
63 silly mapToRegistry   raw: 'nan',
63 silly mapToRegistry   scope: null,
63 silly mapToRegistry   name: 'nan',
63 silly mapToRegistry   rawSpec: '',
63 silly mapToRegistry   spec: 'latest',
63 silly mapToRegistry   type: 'tag' }
64 silly mapToRegistry uri https://registry.npmjs.org/nan
65 verbose request uri https://registry.npmjs.org/nan
66 verbose request no auth needed
67 info attempt registry request try #1 at 14:25:18
68 verbose etag "24B26O57Z0ASCDVIYEYKA8KVW"
69 http request GET https://registry.npmjs.org/nan
70 http 304 https://registry.npmjs.org/nan
71 verbose headers { date: 'Wed, 25 May 2016 06:25:20 GMT',
71 verbose headers   via: '1.1 varnish',
71 verbose headers   'cache-control': 'max-age=300',
71 verbose headers   etag: '"24B26O57Z0ASCDVIYEYKA8KVW"',
71 verbose headers   age: '226',
71 verbose headers   connection: 'close',
71 verbose headers   'x-served-by': 'cache-ord1745-ORD',
71 verbose headers   'x-cache': 'HIT',
71 verbose headers   'x-cache-hits': '3',
71 verbose headers   'x-timer': 'S1464157520.225136,VS0,VE0',
71 verbose headers   vary: 'Accept-Encoding' }
72 silly get cb [ 304,
72 silly get   { date: 'Wed, 25 May 2016 06:25:20 GMT',
72 silly get     via: '1.1 varnish',
72 silly get     'cache-control': 'max-age=300',
72 silly get     etag: '"24B26O57Z0ASCDVIYEYKA8KVW"',
72 silly get     age: '226',
72 silly get     connection: 'close',
72 silly get     'x-served-by': 'cache-ord1745-ORD',
72 silly get     'x-cache': 'HIT',
72 silly get     'x-cache-hits': '3',
72 silly get     'x-timer': 'S1464157520.225136,VS0,VE0',
72 silly get     vary: 'Accept-Encoding' } ]
73 verbose etag https://registry.npmjs.org/nan from cache
74 verbose get saving nan to C:\Users\lma5\AppData\Roaming\npm-cache\registry.npmjs.org\nan\.cache.json
75 verbose correctMkdir C:\Users\lma5\AppData\Roaming\npm-cache correctMkdir not in flight; initializing
76 silly resolveWithNewModule nan@2.3.3 checking installable status
77 silly cache add args [ 'nan@^2.3.2', null ]
78 verbose cache add spec nan@^2.3.2
79 silly cache add parsed spec Result {
79 silly cache add   raw: 'nan@^2.3.2',
79 silly cache add   scope: null,
79 silly cache add   name: 'nan',
79 silly cache add   rawSpec: '^2.3.2',
79 silly cache add   spec: '>=2.3.2 <3.0.0',
79 silly cache add   type: 'range' }
80 silly addNamed nan@>=2.3.2 <3.0.0
81 verbose addNamed ">=2.3.2 <3.0.0" is a valid semver range for nan
82 silly addNameRange { name: 'nan', range: '>=2.3.2 <3.0.0', hasData: false }
83 silly mapToRegistry name nan
84 silly mapToRegistry using default registry
85 silly mapToRegistry registry https://registry.npmjs.org/
86 silly mapToRegistry data Result {
86 silly mapToRegistry   raw: 'nan',
86 silly mapToRegistry   scope: null,
86 silly mapToRegistry   name: 'nan',
86 silly mapToRegistry   rawSpec: '',
86 silly mapToRegistry   spec: 'latest',
86 silly mapToRegistry   type: 'tag' }
87 silly mapToRegistry uri https://registry.npmjs.org/nan
88 verbose addNameRange registry:https://registry.npmjs.org/nan not in flight; fetching
89 verbose get https://registry.npmjs.org/nan not expired, no request
90 silly addNameRange number 2 { name: 'nan', range: '>=2.3.2 <3.0.0', hasData: true }
91 silly addNameRange versions [ 'nan',
91 silly addNameRange   [ '0.3.0-wip',
91 silly addNameRange     '0.3.0-wip2',
91 silly addNameRange     '0.3.0',
91 silly addNameRange     '0.3.1',
91 silly addNameRange     '0.3.2',
91 silly addNameRange     '0.4.0',
91 silly addNameRange     '0.4.1',
91 silly addNameRange     '0.4.2',
91 silly addNameRange     '0.4.3',
91 silly addNameRange     '0.4.4',
91 silly addNameRange     '0.5.0',
91 silly addNameRange     '0.5.1',
91 silly addNameRange     '0.5.2',
91 silly addNameRange     '0.6.0',
91 silly addNameRange     '0.7.0',
91 silly addNameRange     '0.7.1',
91 silly addNameRange     '0.8.0',
91 silly addNameRange     '1.0.0',
91 silly addNameRange     '1.1.0',
91 silly addNameRange     '1.1.1',
91 silly addNameRange     '1.1.2',
91 silly addNameRange     '1.2.0',
91 silly addNameRange     '1.3.0',
91 silly addNameRange     '1.4.0',
91 silly addNameRange     '1.4.1',
91 silly addNameRange     '1.5.0',
91 silly addNameRange     '1.4.2',
91 silly addNameRange     '1.4.3',
91 silly addNameRange     '1.5.1',
91 silly addNameRange     '1.5.2',
91 silly addNameRange     '1.6.0',
91 silly addNameRange     '1.5.3',
91 silly addNameRange     '1.6.1',
91 silly addNameRange     '1.6.2',
91 silly addNameRange     '1.7.0',
91 silly addNameRange     '1.8.0',
91 silly addNameRange     '1.8.1',
91 silly addNameRange     '1.8.2',
91 silly addNameRange     '1.8.3',
91 silly addNameRange     '1.8.4',
91 silly addNameRange     '1.9.0',
91 silly addNameRange     '2.0.0',
91 silly addNameRange     '2.0.1',
91 silly addNameRange     '2.0.2',
91 silly addNameRange     '2.0.3',
91 silly addNameRange     '2.0.4',
91 silly addNameRange     '2.0.5',
91 silly addNameRange     '2.0.6',
91 silly addNameRange     '2.0.7',
91 silly addNameRange     '2.0.8',
91 silly addNameRange     '2.0.9',
91 silly addNameRange     '2.1.0',
91 silly addNameRange     '2.2.0',
91 silly addNameRange     '2.2.1',
91 silly addNameRange     '2.3.0',
91 silly addNameRange     '2.3.1',
91 silly addNameRange     '2.3.2',
91 silly addNameRange     '2.3.3' ] ]
92 silly addNamed nan@2.3.3
93 verbose addNamed "2.3.3" is a plain semver version for nan
94 silly cache afterAdd nan@2.3.3
95 verbose afterAdd C:\Users\lma5\AppData\Roaming\npm-cache\nan\2.3.3\package\package.json not in flight; writing
96 verbose correctMkdir C:\Users\lma5\AppData\Roaming\npm-cache correctMkdir not in flight; initializing
97 verbose afterAdd C:\Users\lma5\AppData\Roaming\npm-cache\nan\2.3.3\package\package.json written
98 silly loadAllDepsIntoIdealTree Finishing
99 silly idealTree:prePrune jsdomnew@1.0.0
99 silly idealTree:prePrune +-- abab@1.0.3
99 silly idealTree:prePrune +-- accepts@1.2.13
99 silly idealTree:prePrune +-- acorn-globals@1.0.9
99 silly idealTree:prePrune +-- acorn@2.7.0
99 silly idealTree:prePrune +-- amdefine@1.0.0
99 silly idealTree:prePrune +-- ansi-regex@2.0.0
99 silly idealTree:prePrune +-- ansi-styles@2.2.1
99 silly idealTree:prePrune +-- array-equal@1.0.0
99 silly idealTree:prePrune +-- array-flatten@1.1.1
99 silly idealTree:prePrune +-- asn1@0.2.3
99 silly idealTree:prePrune +-- assert-plus@0.2.0
99 silly idealTree:prePrune +-- async@1.5.2
99 silly idealTree:prePrune +-- aws-sign2@0.6.0
99 silly idealTree:prePrune +-- aws4@1.4.1
99 silly idealTree:prePrune +-- bl@1.1.2
99 silly idealTree:prePrune +-- boom@2.10.1
99 silly idealTree:prePrune +-- canvas@1.3.15
99 silly idealTree:prePrune +-- caseless@0.11.0
99 silly idealTree:prePrune +-- chalk@1.1.3
99 silly idealTree:prePrune +-- combined-stream@1.0.5
99 silly idealTree:prePrune +-- commander@2.9.0
99 silly idealTree:prePrune +-- content-disposition@0.5.1
99 silly idealTree:prePrune +-- content-type@1.0.2
99 silly idealTree:prePrune +-- cookie-signature@1.0.6
99 silly idealTree:prePrune +-- cookie@0.1.5
99 silly idealTree:prePrune +-- core-util-is@1.0.2
99 silly idealTree:prePrune +-- cryptiles@2.0.5
99 silly idealTree:prePrune +-- cssom@0.3.1
99 silly idealTree:prePrune +-- cssstyle@0.2.34
99 silly idealTree:prePrune +-- dashdash@1.13.1
99 silly idealTree:prePrune | `-- assert-plus@1.0.0
99 silly idealTree:prePrune +-- debug@2.2.0
99 silly idealTree:prePrune +-- deep-is@0.1.3
99 silly idealTree:prePrune +-- delayed-stream@1.0.0
99 silly idealTree:prePrune +-- depd@1.1.0
99 silly idealTree:prePrune +-- destroy@1.0.4
99 silly idealTree:prePrune +-- ecc-jsbn@0.1.1
99 silly idealTree:prePrune +-- ee-first@1.1.1
99 silly idealTree:prePrune +-- escape-html@1.0.3
99 silly idealTree:prePrune +-- escape-string-regexp@1.0.5
99 silly idealTree:prePrune +-- escodegen@1.8.0
99 silly idealTree:prePrune +-- esprima@2.7.2
99 silly idealTree:prePrune +-- estraverse@1.9.3
99 silly idealTree:prePrune +-- esutils@2.0.2
99 silly idealTree:prePrune +-- etag@1.7.0
99 silly idealTree:prePrune +-- express@4.13.4
99 silly idealTree:prePrune +-- extend@3.0.0
99 silly idealTree:prePrune +-- extsprintf@1.0.2
99 silly idealTree:prePrune +-- fast-levenshtein@1.1.3
99 silly idealTree:prePrune +-- finalhandler@0.4.1
99 silly idealTree:prePrune +-- forever-agent@0.6.1
99 silly idealTree:prePrune +-- form-data@1.0.0-rc4
99 silly idealTree:prePrune +-- forwarded@0.1.0
99 silly idealTree:prePrune +-- fresh@0.3.0
99 silly idealTree:prePrune +-- generate-function@2.0.0
99 silly idealTree:prePrune +-- generate-object-property@1.2.0
99 silly idealTree:prePrune +-- getpass@0.1.6
99 silly idealTree:prePrune | `-- assert-plus@1.0.0
99 silly idealTree:prePrune +-- graceful-readlink@1.0.1
99 silly idealTree:prePrune +-- har-validator@2.0.6
99 silly idealTree:prePrune +-- has-ansi@2.0.0
99 silly idealTree:prePrune +-- hawk@3.1.3
99 silly idealTree:prePrune +-- hoek@2.16.3
99 silly idealTree:prePrune +-- http-errors@1.3.1
99 silly idealTree:prePrune +-- http-signature@1.1.1
99 silly idealTree:prePrune +-- iconv-lite@0.4.13
99 silly idealTree:prePrune +-- inherits@2.0.1
99 silly idealTree:prePrune +-- ipaddr.js@1.0.5
99 silly idealTree:prePrune +-- is-my-json-valid@2.13.1
99 silly idealTree:prePrune +-- is-property@1.0.2
99 silly idealTree:prePrune +-- is-typedarray@1.0.0
99 silly idealTree:prePrune +-- isarray@1.0.0
99 silly idealTree:prePrune +-- isstream@0.1.2
99 silly idealTree:prePrune +-- jodid25519@1.0.2
99 silly idealTree:prePrune +-- jsbn@0.1.0
99 silly idealTree:prePrune +-- jsdom@9.1.0
99 silly idealTree:prePrune +-- json-schema@0.2.2
99 silly idealTree:prePrune +-- json-stringify-safe@5.0.1
99 silly idealTree:prePrune +-- jsonpointer@2.0.0
99 silly idealTree:prePrune +-- jsprim@1.2.2
99 silly idealTree:prePrune +-- levn@0.3.0
99 silly idealTree:prePrune +-- media-typer@0.3.0
99 silly idealTree:prePrune +-- merge-descriptors@1.0.1
99 silly idealTree:prePrune +-- methods@1.1.2
99 silly idealTree:prePrune +-- mime-db@1.23.0
99 silly idealTree:prePrune +-- mime-types@2.1.11
99 silly idealTree:prePrune +-- mime@1.3.4
99 silly idealTree:prePrune +-- ms@0.7.1
99 silly idealTree:prePrune +-- nan@2.3.3
99 silly idealTree:prePrune +-- negotiator@0.5.3
99 silly idealTree:prePrune +-- node-uuid@1.4.7
99 silly idealTree:prePrune +-- nwmatcher@1.3.7
99 silly idealTree:prePrune +-- oauth-sign@0.8.2
99 silly idealTree:prePrune +-- on-finished@2.3.0
99 silly idealTree:prePrune +-- optionator@0.8.1
99 silly idealTree:prePrune +-- parse5@1.5.1
99 silly idealTree:prePrune +-- parseurl@1.3.1
99 silly idealTree:prePrune +-- path-to-regexp@0.1.7
99 silly idealTree:prePrune +-- pinkie-promise@2.0.1
99 silly idealTree:prePrune +-- pinkie@2.0.4
99 silly idealTree:prePrune +-- prelude-ls@1.1.2
99 silly idealTree:prePrune +-- process-nextick-args@1.0.7
99 silly idealTree:prePrune +-- proxy-addr@1.0.10
99 silly idealTree:prePrune +-- qs@4.0.0
99 silly idealTree:prePrune +-- range-parser@1.0.3
99 silly idealTree:prePrune +-- rangy@1.3.0
99 silly idealTree:prePrune +-- readable-stream@2.0.6
99 silly idealTree:prePrune +-- request@2.72.0
99 silly idealTree:prePrune | `-- qs@6.1.0
99 silly idealTree:prePrune +-- sax@1.2.1
99 silly idealTree:prePrune +-- send@0.13.1
99 silly idealTree:prePrune +-- serve-static@1.10.2
99 silly idealTree:prePrune +-- sntp@1.0.9
99 silly idealTree:prePrune +-- source-map@0.2.0
99 silly idealTree:prePrune +-- sshpk@1.8.3
99 silly idealTree:prePrune | `-- assert-plus@1.0.0
99 silly idealTree:prePrune +-- statuses@1.2.1
99 silly idealTree:prePrune +-- string_decoder@0.10.31
99 silly idealTree:prePrune +-- stringstream@0.0.5
99 silly idealTree:prePrune +-- strip-ansi@3.0.1
99 silly idealTree:prePrune +-- supports-color@2.0.0
99 silly idealTree:prePrune +-- symbol-tree@3.1.4
99 silly idealTree:prePrune +-- textangular@1.5.1
99 silly idealTree:prePrune +-- tough-cookie@2.2.2
99 silly idealTree:prePrune +-- tr46@0.0.3
99 silly idealTree:prePrune +-- tunnel-agent@0.4.3
99 silly idealTree:prePrune +-- tweetnacl@0.13.3
99 silly idealTree:prePrune +-- type-check@0.3.2
99 silly idealTree:prePrune +-- type-is@1.6.13
99 silly idealTree:prePrune +-- unpipe@1.0.0
99 silly idealTree:prePrune +-- util-deprecate@1.0.2
99 silly idealTree:prePrune +-- utils-merge@1.0.0
99 silly idealTree:prePrune +-- vary@1.0.1
99 silly idealTree:prePrune +-- verror@1.3.6
99 silly idealTree:prePrune +-- webidl-conversions@3.0.1
99 silly idealTree:prePrune +-- whatwg-url@2.0.1
99 silly idealTree:prePrune +-- wordwrap@1.0.0
99 silly idealTree:prePrune +-- xml-name-validator@2.0.1
99 silly idealTree:prePrune `-- xtend@4.0.1
100 silly loadIdealTree Finishing
101 silly currentTree jsdomnew@1.0.0
101 silly currentTree +-- abab@1.0.3
101 silly currentTree +-- accepts@1.2.13
101 silly currentTree +-- acorn-globals@1.0.9
101 silly currentTree +-- acorn@2.7.0
101 silly currentTree +-- amdefine@1.0.0
101 silly currentTree +-- ansi-regex@2.0.0
101 silly currentTree +-- ansi-styles@2.2.1
101 silly currentTree +-- array-equal@1.0.0
101 silly currentTree +-- array-flatten@1.1.1
101 silly currentTree +-- asn1@0.2.3
101 silly currentTree +-- assert-plus@0.2.0
101 silly currentTree +-- async@1.5.2
101 silly currentTree +-- aws-sign2@0.6.0
101 silly currentTree +-- aws4@1.4.1
101 silly currentTree +-- bl@1.1.2
101 silly currentTree +-- boom@2.10.1
101 silly currentTree +-- caseless@0.11.0
101 silly currentTree +-- chalk@1.1.3
101 silly currentTree +-- combined-stream@1.0.5
101 silly currentTree +-- commander@2.9.0
101 silly currentTree +-- content-disposition@0.5.1
101 silly currentTree +-- content-type@1.0.2
101 silly currentTree +-- cookie-signature@1.0.6
101 silly currentTree +-- cookie@0.1.5
101 silly currentTree +-- core-util-is@1.0.2
101 silly currentTree +-- cryptiles@2.0.5
101 silly currentTree +-- cssom@0.3.1
101 silly currentTree +-- cssstyle@0.2.34
101 silly currentTree +-- dashdash@1.13.1
101 silly currentTree | `-- assert-plus@1.0.0
101 silly currentTree +-- debug@2.2.0
101 silly currentTree +-- deep-is@0.1.3
101 silly currentTree +-- delayed-stream@1.0.0
101 silly currentTree +-- depd@1.1.0
101 silly currentTree +-- destroy@1.0.4
101 silly currentTree +-- ecc-jsbn@0.1.1
101 silly currentTree +-- ee-first@1.1.1
101 silly currentTree +-- escape-html@1.0.3
101 silly currentTree +-- escape-string-regexp@1.0.5
101 silly currentTree +-- escodegen@1.8.0
101 silly currentTree +-- esprima@2.7.2
101 silly currentTree +-- estraverse@1.9.3
101 silly currentTree +-- esutils@2.0.2
101 silly currentTree +-- etag@1.7.0
101 silly currentTree +-- express@4.13.4
101 silly currentTree +-- extend@3.0.0
101 silly currentTree +-- extsprintf@1.0.2
101 silly currentTree +-- fast-levenshtein@1.1.3
101 silly currentTree +-- finalhandler@0.4.1
101 silly currentTree +-- forever-agent@0.6.1
101 silly currentTree +-- form-data@1.0.0-rc4
101 silly currentTree +-- forwarded@0.1.0
101 silly currentTree +-- fresh@0.3.0
101 silly currentTree +-- generate-function@2.0.0
101 silly currentTree +-- generate-object-property@1.2.0
101 silly currentTree +-- getpass@0.1.6
101 silly currentTree | `-- assert-plus@1.0.0
101 silly currentTree +-- graceful-readlink@1.0.1
101 silly currentTree +-- har-validator@2.0.6
101 silly currentTree +-- has-ansi@2.0.0
101 silly currentTree +-- hawk@3.1.3
101 silly currentTree +-- hoek@2.16.3
101 silly currentTree +-- http-errors@1.3.1
101 silly currentTree +-- http-signature@1.1.1
101 silly currentTree +-- iconv-lite@0.4.13
101 silly currentTree +-- inherits@2.0.1
101 silly currentTree +-- ipaddr.js@1.0.5
101 silly currentTree +-- is-my-json-valid@2.13.1
101 silly currentTree +-- is-property@1.0.2
101 silly currentTree +-- is-typedarray@1.0.0
101 silly currentTree +-- isarray@1.0.0
101 silly currentTree +-- isstream@0.1.2
101 silly currentTree +-- jodid25519@1.0.2
101 silly currentTree +-- jsbn@0.1.0
101 silly currentTree +-- jsdom@9.1.0
101 silly currentTree +-- json-schema@0.2.2
101 silly currentTree +-- json-stringify-safe@5.0.1
101 silly currentTree +-- jsonpointer@2.0.0
101 silly currentTree +-- jsprim@1.2.2
101 silly currentTree +-- levn@0.3.0
101 silly currentTree +-- media-typer@0.3.0
101 silly currentTree +-- merge-descriptors@1.0.1
101 silly currentTree +-- methods@1.1.2
101 silly currentTree +-- mime-db@1.23.0
101 silly currentTree +-- mime-types@2.1.11
101 silly currentTree +-- mime@1.3.4
101 silly currentTree +-- ms@0.7.1
101 silly currentTree +-- negotiator@0.5.3
101 silly currentTree +-- node-uuid@1.4.7
101 silly currentTree +-- nwmatcher@1.3.7
101 silly currentTree +-- oauth-sign@0.8.2
101 silly currentTree +-- on-finished@2.3.0
101 silly currentTree +-- optionator@0.8.1
101 silly currentTree +-- parse5@1.5.1
101 silly currentTree +-- parseurl@1.3.1
101 silly currentTree +-- path-to-regexp@0.1.7
101 silly currentTree +-- pinkie-promise@2.0.1
101 silly currentTree +-- pinkie@2.0.4
101 silly currentTree +-- prelude-ls@1.1.2
101 silly currentTree +-- process-nextick-args@1.0.7
101 silly currentTree +-- proxy-addr@1.0.10
101 silly currentTree +-- qs@4.0.0
101 silly currentTree +-- range-parser@1.0.3
101 silly currentTree +-- rangy@1.3.0
101 silly currentTree +-- readable-stream@2.0.6
101 silly currentTree +-- request@2.72.0
101 silly currentTree | `-- qs@6.1.0
101 silly currentTree +-- sax@1.2.1
101 silly currentTree +-- send@0.13.1
101 silly currentTree +-- serve-static@1.10.2
101 silly currentTree +-- sntp@1.0.9
101 silly currentTree +-- source-map@0.2.0
101 silly currentTree +-- sshpk@1.8.3
101 silly currentTree | `-- assert-plus@1.0.0
101 silly currentTree +-- statuses@1.2.1
101 silly currentTree +-- string_decoder@0.10.31
101 silly currentTree +-- stringstream@0.0.5
101 silly currentTree +-- strip-ansi@3.0.1
101 silly currentTree +-- supports-color@2.0.0
101 silly currentTree +-- symbol-tree@3.1.4
101 silly currentTree +-- textangular@1.5.1
101 silly currentTree +-- tough-cookie@2.2.2
101 silly currentTree +-- tr46@0.0.3
101 silly currentTree +-- tunnel-agent@0.4.3
101 silly currentTree +-- tweetnacl@0.13.3
101 silly currentTree +-- type-check@0.3.2
101 silly currentTree +-- type-is@1.6.13
101 silly currentTree +-- unpipe@1.0.0
101 silly currentTree +-- util-deprecate@1.0.2
101 silly currentTree +-- utils-merge@1.0.0
101 silly currentTree +-- vary@1.0.1
101 silly currentTree +-- verror@1.3.6
101 silly currentTree +-- webidl-conversions@3.0.1
101 silly currentTree +-- whatwg-url@2.0.1
101 silly currentTree +-- wordwrap@1.0.0
101 silly currentTree +-- xml-name-validator@2.0.1
101 silly currentTree `-- xtend@4.0.1
102 silly idealTree jsdomnew@1.0.0
102 silly idealTree +-- abab@1.0.3
102 silly idealTree +-- accepts@1.2.13
102 silly idealTree +-- acorn-globals@1.0.9
102 silly idealTree +-- acorn@2.7.0
102 silly idealTree +-- amdefine@1.0.0
102 silly idealTree +-- ansi-regex@2.0.0
102 silly idealTree +-- ansi-styles@2.2.1
102 silly idealTree +-- array-equal@1.0.0
102 silly idealTree +-- array-flatten@1.1.1
102 silly idealTree +-- asn1@0.2.3
102 silly idealTree +-- assert-plus@0.2.0
102 silly idealTree +-- async@1.5.2
102 silly idealTree +-- aws-sign2@0.6.0
102 silly idealTree +-- aws4@1.4.1
102 silly idealTree +-- bl@1.1.2
102 silly idealTree +-- boom@2.10.1
102 silly idealTree +-- canvas@1.3.15
102 silly idealTree +-- caseless@0.11.0
102 silly idealTree +-- chalk@1.1.3
102 silly idealTree +-- combined-stream@1.0.5
102 silly idealTree +-- commander@2.9.0
102 silly idealTree +-- content-disposition@0.5.1
102 silly idealTree +-- content-type@1.0.2
102 silly idealTree +-- cookie-signature@1.0.6
102 silly idealTree +-- cookie@0.1.5
102 silly idealTree +-- core-util-is@1.0.2
102 silly idealTree +-- cryptiles@2.0.5
102 silly idealTree +-- cssom@0.3.1
102 silly idealTree +-- cssstyle@0.2.34
102 silly idealTree +-- dashdash@1.13.1
102 silly idealTree | `-- assert-plus@1.0.0
102 silly idealTree +-- debug@2.2.0
102 silly idealTree +-- deep-is@0.1.3
102 silly idealTree +-- delayed-stream@1.0.0
102 silly idealTree +-- depd@1.1.0
102 silly idealTree +-- destroy@1.0.4
102 silly idealTree +-- ecc-jsbn@0.1.1
102 silly idealTree +-- ee-first@1.1.1
102 silly idealTree +-- escape-html@1.0.3
102 silly idealTree +-- escape-string-regexp@1.0.5
102 silly idealTree +-- escodegen@1.8.0
102 silly idealTree +-- esprima@2.7.2
102 silly idealTree +-- estraverse@1.9.3
102 silly idealTree +-- esutils@2.0.2
102 silly idealTree +-- etag@1.7.0
102 silly idealTree +-- express@4.13.4
102 silly idealTree +-- extend@3.0.0
102 silly idealTree +-- extsprintf@1.0.2
102 silly idealTree +-- fast-levenshtein@1.1.3
102 silly idealTree +-- finalhandler@0.4.1
102 silly idealTree +-- forever-agent@0.6.1
102 silly idealTree +-- form-data@1.0.0-rc4
102 silly idealTree +-- forwarded@0.1.0
102 silly idealTree +-- fresh@0.3.0
102 silly idealTree +-- generate-function@2.0.0
102 silly idealTree +-- generate-object-property@1.2.0
102 silly idealTree +-- getpass@0.1.6
102 silly idealTree | `-- assert-plus@1.0.0
102 silly idealTree +-- graceful-readlink@1.0.1
102 silly idealTree +-- har-validator@2.0.6
102 silly idealTree +-- has-ansi@2.0.0
102 silly idealTree +-- hawk@3.1.3
102 silly idealTree +-- hoek@2.16.3
102 silly idealTree +-- http-errors@1.3.1
102 silly idealTree +-- http-signature@1.1.1
102 silly idealTree +-- iconv-lite@0.4.13
102 silly idealTree +-- inherits@2.0.1
102 silly idealTree +-- ipaddr.js@1.0.5
102 silly idealTree +-- is-my-json-valid@2.13.1
102 silly idealTree +-- is-property@1.0.2
102 silly idealTree +-- is-typedarray@1.0.0
102 silly idealTree +-- isarray@1.0.0
102 silly idealTree +-- isstream@0.1.2
102 silly idealTree +-- jodid25519@1.0.2
102 silly idealTree +-- jsbn@0.1.0
102 silly idealTree +-- jsdom@9.1.0
102 silly idealTree +-- json-schema@0.2.2
102 silly idealTree +-- json-stringify-safe@5.0.1
102 silly idealTree +-- jsonpointer@2.0.0
102 silly idealTree +-- jsprim@1.2.2
102 silly idealTree +-- levn@0.3.0
102 silly idealTree +-- media-typer@0.3.0
102 silly idealTree +-- merge-descriptors@1.0.1
102 silly idealTree +-- methods@1.1.2
102 silly idealTree +-- mime-db@1.23.0
102 silly idealTree +-- mime-types@2.1.11
102 silly idealTree +-- mime@1.3.4
102 silly idealTree +-- ms@0.7.1
102 silly idealTree +-- nan@2.3.3
102 silly idealTree +-- negotiator@0.5.3
102 silly idealTree +-- node-uuid@1.4.7
102 silly idealTree +-- nwmatcher@1.3.7
102 silly idealTree +-- oauth-sign@0.8.2
102 silly idealTree +-- on-finished@2.3.0
102 silly idealTree +-- optionator@0.8.1
102 silly idealTree +-- parse5@1.5.1
102 silly idealTree +-- parseurl@1.3.1
102 silly idealTree +-- path-to-regexp@0.1.7
102 silly idealTree +-- pinkie-promise@2.0.1
102 silly idealTree +-- pinkie@2.0.4
102 silly idealTree +-- prelude-ls@1.1.2
102 silly idealTree +-- process-nextick-args@1.0.7
102 silly idealTree +-- proxy-addr@1.0.10
102 silly idealTree +-- qs@4.0.0
102 silly idealTree +-- range-parser@1.0.3
102 silly idealTree +-- rangy@1.3.0
102 silly idealTree +-- readable-stream@2.0.6
102 silly idealTree +-- request@2.72.0
102 silly idealTree | `-- qs@6.1.0
102 silly idealTree +-- sax@1.2.1
102 silly idealTree +-- send@0.13.1
102 silly idealTree +-- serve-static@1.10.2
102 silly idealTree +-- sntp@1.0.9
102 silly idealTree +-- source-map@0.2.0
102 silly idealTree +-- sshpk@1.8.3
102 silly idealTree | `-- assert-plus@1.0.0
102 silly idealTree +-- statuses@1.2.1
102 silly idealTree +-- string_decoder@0.10.31
102 silly idealTree +-- stringstream@0.0.5
102 silly idealTree +-- strip-ansi@3.0.1
102 silly idealTree +-- supports-color@2.0.0
102 silly idealTree +-- symbol-tree@3.1.4
102 silly idealTree +-- textangular@1.5.1
102 silly idealTree +-- tough-cookie@2.2.2
102 silly idealTree +-- tr46@0.0.3
102 silly idealTree +-- tunnel-agent@0.4.3
102 silly idealTree +-- tweetnacl@0.13.3
102 silly idealTree +-- type-check@0.3.2
102 silly idealTree +-- type-is@1.6.13
102 silly idealTree +-- unpipe@1.0.0
102 silly idealTree +-- util-deprecate@1.0.2
102 silly idealTree +-- utils-merge@1.0.0
102 silly idealTree +-- vary@1.0.1
102 silly idealTree +-- verror@1.3.6
102 silly idealTree +-- webidl-conversions@3.0.1
102 silly idealTree +-- whatwg-url@2.0.1
102 silly idealTree +-- wordwrap@1.0.0
102 silly idealTree +-- xml-name-validator@2.0.1
102 silly idealTree `-- xtend@4.0.1
103 silly generateActionsToTake Starting
104 silly install generateActionsToTake
105 silly generateActionsToTake Finishing
106 silly diffTrees action count 2
107 silly diffTrees add nan@2.3.3
108 silly diffTrees add canvas@1.3.15
109 silly decomposeActions action count 16
110 silly decomposeActions fetch nan@2.3.3
111 silly decomposeActions extract nan@2.3.3
112 silly decomposeActions test nan@2.3.3
113 silly decomposeActions preinstall nan@2.3.3
114 silly decomposeActions build nan@2.3.3
115 silly decomposeActions install nan@2.3.3
116 silly decomposeActions postinstall nan@2.3.3
117 silly decomposeActions finalize nan@2.3.3
118 silly decomposeActions fetch canvas@1.3.15
119 silly decomposeActions extract canvas@1.3.15
120 silly decomposeActions test canvas@1.3.15
121 silly decomposeActions preinstall canvas@1.3.15
122 silly decomposeActions build canvas@1.3.15
123 silly decomposeActions install canvas@1.3.15
124 silly decomposeActions postinstall canvas@1.3.15
125 silly decomposeActions finalize canvas@1.3.15
126 silly executeActions Starting
127 silly install executeActions
128 silly doSerial global-install 0
129 silly doParallel fetch 2
130 verbose correctMkdir C:\Users\lma5\AppData\Roaming\npm-cache\_locks correctMkdir not in flight; initializing
131 verbose lock using C:\Users\lma5\AppData\Roaming\npm-cache\_locks\staging-c552c7cfc8c41c9b.lock for C:\Users\lma5\Documents\Work Related\JsdomLearn-master\JsdomLearn-master\node_modules\.staging
132 silly doParallel extract 2
133 silly extract nan@2.3.3
134 silly extract canvas@1.3.15
135 verbose unbuild node_modules\.staging\canvas-18d518a9
136 verbose unbuild node_modules\.staging\nan-c1eca1ac
137 silly gentlyRm C:\Users\lma5\Documents\Work Related\JsdomLearn-master\JsdomLearn-master\node_modules\.staging\canvas-18d518a9 is being purged from base C:\Users\lma5\Documents\Work Related\JsdomLearn-master\JsdomLearn-master
138 verbose gentlyRm don't care about contents; nuking C:\Users\lma5\Documents\Work Related\JsdomLearn-master\JsdomLearn-master\node_modules\.staging\canvas-18d518a9
139 silly gentlyRm C:\Users\lma5\Documents\Work Related\JsdomLearn-master\JsdomLearn-master\node_modules\.staging\nan-c1eca1ac is being purged from base C:\Users\lma5\Documents\Work Related\JsdomLearn-master\JsdomLearn-master
140 verbose gentlyRm don't care about contents; nuking C:\Users\lma5\Documents\Work Related\JsdomLearn-master\JsdomLearn-master\node_modules\.staging\nan-c1eca1ac
141 verbose tar unpack C:\Users\lma5\AppData\Roaming\npm-cache\canvas\1.3.15\package.tgz
142 verbose tar unpacking to C:\Users\lma5\Documents\Work Related\JsdomLearn-master\JsdomLearn-master\node_modules\.staging\canvas-18d518a9
143 silly gentlyRm C:\Users\lma5\Documents\Work Related\JsdomLearn-master\JsdomLearn-master\node_modules\.staging\canvas-18d518a9 is being purged
144 verbose gentlyRm don't care about contents; nuking C:\Users\lma5\Documents\Work Related\JsdomLearn-master\JsdomLearn-master\node_modules\.staging\canvas-18d518a9
145 verbose tar unpack C:\Users\lma5\AppData\Roaming\npm-cache\nan\2.3.3\package.tgz
146 verbose tar unpacking to C:\Users\lma5\Documents\Work Related\JsdomLearn-master\JsdomLearn-master\node_modules\.staging\nan-c1eca1ac
147 silly gentlyRm C:\Users\lma5\Documents\Work Related\JsdomLearn-master\JsdomLearn-master\node_modules\.staging\nan-c1eca1ac is being purged
148 verbose gentlyRm don't care about contents; nuking C:\Users\lma5\Documents\Work Related\JsdomLearn-master\JsdomLearn-master\node_modules\.staging\nan-c1eca1ac
149 silly gunzTarPerm modes [ '777', '666' ]
150 silly gunzTarPerm modes [ '777', '666' ]
151 silly gunzTarPerm extractEntry package.json
152 silly gunzTarPerm modified mode [ 'package.json', 420, 438 ]
153 silly gunzTarPerm extractEntry package.json
154 silly gunzTarPerm modified mode [ 'package.json', 436, 438 ]
155 silly gunzTarPerm extractEntry .npmignore
156 silly gunzTarPerm modified mode [ '.npmignore', 420, 438 ]
157 silly gunzTarPerm extractEntry index.js
158 silly gunzTarPerm modified mode [ 'index.js', 420, 438 ]
159 silly gunzTarPerm extractEntry README.md
160 silly gunzTarPerm modified mode [ 'README.md', 436, 438 ]
161 silly gunzTarPerm extractEntry include_dirs.js
162 silly gunzTarPerm modified mode [ 'include_dirs.js', 436, 438 ]
163 silly gunzTarPerm extractEntry Readme.md
164 silly gunzTarPerm modified mode [ 'Readme.md', 420, 438 ]
165 silly gunzTarPerm extractEntry binding.gyp
166 silly gunzTarPerm modified mode [ 'binding.gyp', 493, 511 ]
167 silly gunzTarPerm extractEntry nan_converters.h
168 silly gunzTarPerm modified mode [ 'nan_converters.h', 436, 438 ]
169 silly gunzTarPerm extractEntry LICENSE.md
170 silly gunzTarPerm modified mode [ 'LICENSE.md', 436, 438 ]
171 silly gunzTarPerm extractEntry doc/node_misc.md
172 silly gunzTarPerm modified mode [ 'doc/node_misc.md', 436, 438 ]
173 silly gunzTarPerm extractEntry doc/asyncworker.md
174 silly gunzTarPerm modified mode [ 'doc/asyncworker.md', 436, 438 ]
175 silly gunzTarPerm extractEntry .travis.yml
176 silly gunzTarPerm modified mode [ '.travis.yml', 420, 438 ]
177 silly gunzTarPerm extractEntry doc/callback.md
178 silly gunzTarPerm modified mode [ 'doc/callback.md', 436, 438 ]
179 silly gunzTarPerm extractEntry doc/converters.md
180 silly gunzTarPerm modified mode [ 'doc/converters.md', 436, 438 ]
181 silly gunzTarPerm extractEntry lib/bindings.js
182 silly gunzTarPerm modified mode [ 'lib/bindings.js', 420, 438 ]
183 silly gunzTarPerm extractEntry lib/canvas.js
184 silly gunzTarPerm modified mode [ 'lib/canvas.js', 420, 438 ]
185 silly gunzTarPerm extractEntry doc/errors.md
186 silly gunzTarPerm modified mode [ 'doc/errors.md', 436, 438 ]
187 silly gunzTarPerm extractEntry doc/maybe_types.md
188 silly gunzTarPerm modified mode [ 'doc/maybe_types.md', 436, 438 ]
189 silly gunzTarPerm extractEntry doc/methods.md
190 silly gunzTarPerm modified mode [ 'doc/methods.md', 436, 438 ]
191 silly gunzTarPerm extractEntry doc/new.md
192 silly gunzTarPerm modified mode [ 'doc/new.md', 436, 438 ]
193 silly gunzTarPerm extractEntry lib/context2d.js
194 silly gunzTarPerm modified mode [ 'lib/context2d.js', 420, 438 ]
195 silly gunzTarPerm extractEntry lib/image.js
196 silly gunzTarPerm modified mode [ 'lib/image.js', 420, 438 ]
197 silly gunzTarPerm extractEntry doc/buffers.md
198 silly gunzTarPerm modified mode [ 'doc/buffers.md', 436, 438 ]
199 silly gunzTarPerm extractEntry doc/object_wrappers.md
200 silly gunzTarPerm modified mode [ 'doc/object_wrappers.md', 436, 438 ]
201 silly gunzTarPerm extractEntry lib/jpegstream.js
202 silly gunzTarPerm modified mode [ 'lib/jpegstream.js', 420, 438 ]
203 silly gunzTarPerm extractEntry lib/pngstream.js
204 silly gunzTarPerm modified mode [ 'lib/pngstream.js', 420, 438 ]
205 silly gunzTarPerm extractEntry History.md
206 silly gunzTarPerm modified mode [ 'History.md', 420, 438 ]
207 silly gunzTarPerm extractEntry src/Image.cc
208 silly gunzTarPerm modified mode [ 'src/Image.cc', 420, 438 ]
209 silly gunzTarPerm extractEntry doc/persistent.md
210 silly gunzTarPerm modified mode [ 'doc/persistent.md', 436, 438 ]
211 silly gunzTarPerm extractEntry doc/scopes.md
212 silly gunzTarPerm modified mode [ 'doc/scopes.md', 436, 438 ]
213 silly gunzTarPerm extractEntry doc/script.md
214 silly gunzTarPerm modified mode [ 'doc/script.md', 436, 438 ]
215 silly gunzTarPerm extractEntry doc/string_bytes.md
216 silly gunzTarPerm modified mode [ 'doc/string_bytes.md', 436, 438 ]
217 silly gunzTarPerm extractEntry src/Canvas.cc
218 silly gunzTarPerm modified mode [ 'src/Canvas.cc', 420, 438 ]
219 silly gunzTarPerm extractEntry src/CanvasGradient.cc
220 silly gunzTarPerm modified mode [ 'src/CanvasGradient.cc', 420, 438 ]
221 silly gunzTarPerm extractEntry doc/v8_internals.md
222 silly gunzTarPerm modified mode [ 'doc/v8_internals.md', 436, 438 ]
223 silly gunzTarPerm extractEntry doc/v8_misc.md
224 silly gunzTarPerm modified mode [ 'doc/v8_misc.md', 436, 438 ]
225 silly gunzTarPerm extractEntry src/CanvasGradient.h
226 silly gunzTarPerm modified mode [ 'src/CanvasGradient.h', 420, 438 ]
227 silly gunzTarPerm extractEntry src/CanvasPattern.cc
228 silly gunzTarPerm modified mode [ 'src/CanvasPattern.cc', 420, 438 ]
229 silly gunzTarPerm extractEntry src/CanvasPattern.h
230 silly gunzTarPerm modified mode [ 'src/CanvasPattern.h', 420, 438 ]
231 silly gunzTarPerm extractEntry src/CanvasRenderingContext2d.cc
232 silly gunzTarPerm modified mode [ 'src/CanvasRenderingContext2d.cc', 493, 511 ]
233 silly gunzTarPerm extractEntry nan.h
234 silly gunzTarPerm modified mode [ 'nan.h', 436, 438 ]
235 silly gunzTarPerm extractEntry nan_callbacks.h
236 silly gunzTarPerm modified mode [ 'nan_callbacks.h', 436, 438 ]
237 silly gunzTarPerm extractEntry nan_callbacks_12_inl.h
238 silly gunzTarPerm modified mode [ 'nan_callbacks_12_inl.h', 436, 438 ]
239 silly gunzTarPerm extractEntry nan_callbacks_pre_12_inl.h
240 silly gunzTarPerm modified mode [ 'nan_callbacks_pre_12_inl.h', 436, 438 ]
241 silly gunzTarPerm extractEntry nan_converters_43_inl.h
242 silly gunzTarPerm modified mode [ 'nan_converters_43_inl.h', 436, 438 ]
243 silly gunzTarPerm extractEntry nan_converters_pre_43_inl.h
244 silly gunzTarPerm modified mode [ 'nan_converters_pre_43_inl.h', 436, 438 ]
245 silly gunzTarPerm extractEntry nan_implementation_12_inl.h
246 silly gunzTarPerm modified mode [ 'nan_implementation_12_inl.h', 436, 438 ]
247 silly gunzTarPerm extractEntry nan_implementation_pre_12_inl.h
248 silly gunzTarPerm modified mode [ 'nan_implementation_pre_12_inl.h', 436, 438 ]
249 silly gunzTarPerm extractEntry nan_maybe_43_inl.h
250 silly gunzTarPerm modified mode [ 'nan_maybe_43_inl.h', 436, 438 ]
251 silly gunzTarPerm extractEntry nan_maybe_pre_43_inl.h
252 silly gunzTarPerm modified mode [ 'nan_maybe_pre_43_inl.h', 436, 438 ]
253 silly gunzTarPerm extractEntry nan_new.h
254 silly gunzTarPerm modified mode [ 'nan_new.h', 436, 438 ]
255 silly gunzTarPerm extractEntry nan_object_wrap.h
256 silly gunzTarPerm modified mode [ 'nan_object_wrap.h', 436, 438 ]
257 silly gunzTarPerm extractEntry nan_persistent_12_inl.h
258 silly gunzTarPerm modified mode [ 'nan_persistent_12_inl.h', 436, 438 ]
259 silly gunzTarPerm extractEntry nan_persistent_pre_12_inl.h
260 silly gunzTarPerm modified mode [ 'nan_persistent_pre_12_inl.h', 436, 438 ]
261 silly gunzTarPerm extractEntry nan_string_bytes.h
262 silly gunzTarPerm modified mode [ 'nan_string_bytes.h', 436, 438 ]
263 silly gunzTarPerm extractEntry nan_typedarray_contents.h
264 silly gunzTarPerm modified mode [ 'nan_typedarray_contents.h', 436, 438 ]
265 silly gunzTarPerm extractEntry nan_weak.h
266 silly gunzTarPerm modified mode [ 'nan_weak.h', 436, 438 ]
267 silly gunzTarPerm extractEntry CHANGELOG.md
268 silly gunzTarPerm modified mode [ 'CHANGELOG.md', 436, 438 ]
269 silly gunzTarPerm extractEntry tools/package.json
270 silly gunzTarPerm modified mode [ 'tools/package.json', 436, 438 ]
271 silly gunzTarPerm extractEntry tools/README.md
272 silly gunzTarPerm modified mode [ 'tools/README.md', 436, 438 ]
273 silly gunzTarPerm extractEntry tools/1to2.js
274 silly gunzTarPerm modified mode [ 'tools/1to2.js', 509, 511 ]
275 silly gunzTarPerm extractEntry src/CanvasRenderingContext2d.h
276 silly gunzTarPerm modified mode [ 'src/CanvasRenderingContext2d.h', 420, 438 ]
277 silly gunzTarPerm extractEntry src/FontFace.cc
278 silly gunzTarPerm modified mode [ 'src/FontFace.cc', 493, 511 ]
279 silly gunzTarPerm extractEntry src/FontFace.h
280 silly gunzTarPerm modified mode [ 'src/FontFace.h', 420, 438 ]
281 silly gunzTarPerm extractEntry src/Canvas.h
282 silly gunzTarPerm modified mode [ 'src/Canvas.h', 420, 438 ]
283 silly gunzTarPerm extractEntry src/Image.h
284 silly gunzTarPerm modified mode [ 'src/Image.h', 420, 438 ]
285 silly gunzTarPerm extractEntry src/ImageData.cc
286 silly gunzTarPerm modified mode [ 'src/ImageData.cc', 420, 438 ]
287 silly gunzTarPerm extractEntry src/ImageData.h
288 silly gunzTarPerm modified mode [ 'src/ImageData.h', 420, 438 ]
289 silly gunzTarPerm extractEntry src/JPEGStream.h
290 silly gunzTarPerm modified mode [ 'src/JPEGStream.h', 420, 438 ]
291 silly gunzTarPerm extractEntry src/PNG.h
292 silly gunzTarPerm modified mode [ 'src/PNG.h', 420, 438 ]
293 silly gunzTarPerm extractEntry src/Point.h
294 silly gunzTarPerm modified mode [ 'src/Point.h', 420, 438 ]
295 silly gunzTarPerm extractEntry src/closure.h
296 silly gunzTarPerm modified mode [ 'src/closure.h', 420, 438 ]
297 silly gunzTarPerm extractEntry src/color.cc
298 silly gunzTarPerm modified mode [ 'src/color.cc', 420, 438 ]
299 silly gunzTarPerm extractEntry src/color.h
300 silly gunzTarPerm modified mode [ 'src/color.h', 420, 438 ]
301 silly gunzTarPerm extractEntry src/init.cc
302 silly gunzTarPerm modified mode [ 'src/init.cc', 493, 511 ]
303 silly gunzTarPerm extractEntry util/has_lib.sh
304 silly gunzTarPerm modified mode [ 'util/has_lib.sh', 493, 511 ]
305 silly gentlyRm C:\Users\lma5\Documents\Work Related\JsdomLearn-master\JsdomLearn-master\node_modules\.staging\canvas-18d518a9\node_modules is being purged
306 verbose gentlyRm don't care about contents; nuking C:\Users\lma5\Documents\Work Related\JsdomLearn-master\JsdomLearn-master\node_modules\.staging\canvas-18d518a9\node_modules
307 silly gentlyRm C:\Users\lma5\Documents\Work Related\JsdomLearn-master\JsdomLearn-master\node_modules\.staging\nan-c1eca1ac\node_modules is being purged
308 verbose gentlyRm don't care about contents; nuking C:\Users\lma5\Documents\Work Related\JsdomLearn-master\JsdomLearn-master\node_modules\.staging\nan-c1eca1ac\node_modules
309 silly doParallel preinstall 2
310 silly preinstall nan@2.3.3 C:\Users\lma5\Documents\Work Related\JsdomLearn-master\JsdomLearn-master\node_modules\.staging\nan-c1eca1ac
311 info lifecycle nan@2.3.3~preinstall: nan@2.3.3
312 silly preinstall canvas@1.3.15 C:\Users\lma5\Documents\Work Related\JsdomLearn-master\JsdomLearn-master\node_modules\.staging\canvas-18d518a9
313 info lifecycle canvas@1.3.15~preinstall: canvas@1.3.15
314 silly lifecycle nan@2.3.3~preinstall: no script for preinstall, continuing
315 silly lifecycle canvas@1.3.15~preinstall: no script for preinstall, continuing
316 silly doReverseSerial remove 0
317 silly doSerial move 0
318 silly doSerial finalize 2
319 silly finalize C:\Users\lma5\Documents\Work Related\JsdomLearn-master\JsdomLearn-master\node_modules\nan
320 silly finalize C:\Users\lma5\Documents\Work Related\JsdomLearn-master\JsdomLearn-master\node_modules\canvas
321 silly doSerial build 2
322 silly build nan@2.3.3
323 info linkStuff nan@2.3.3
324 silly linkStuff nan@2.3.3 has C:\Users\lma5\Documents\Work Related\JsdomLearn-master\JsdomLearn-master\node_modules as its parent node_modules
325 verbose linkBins nan@2.3.3
326 verbose linkMans nan@2.3.3
327 silly build canvas@1.3.15
328 info linkStuff canvas@1.3.15
329 silly linkStuff canvas@1.3.15 has C:\Users\lma5\Documents\Work Related\JsdomLearn-master\JsdomLearn-master\node_modules as its parent node_modules
330 verbose linkBins canvas@1.3.15
331 verbose linkMans canvas@1.3.15
332 silly doSerial global-link 0
333 silly doParallel update-linked 0
334 silly doSerial install 2
335 silly install nan@2.3.3 C:\Users\lma5\Documents\Work Related\JsdomLearn-master\JsdomLearn-master\node_modules\.staging\nan-c1eca1ac
336 info lifecycle nan@2.3.3~install: nan@2.3.3
337 silly lifecycle nan@2.3.3~install: no script for install, continuing
338 silly install canvas@1.3.15 C:\Users\lma5\Documents\Work Related\JsdomLearn-master\JsdomLearn-master\node_modules\.staging\canvas-18d518a9
339 info lifecycle canvas@1.3.15~install: canvas@1.3.15
340 verbose lifecycle canvas@1.3.15~install: unsafe-perm in lifecycle true
341 verbose lifecycle canvas@1.3.15~install: PATH: C:\Program Files (x86)\nodejs\node_modules\npm\bin\node-gyp-bin;C:\Users\lma5\Documents\Work Related\JsdomLearn-master\JsdomLearn-master\node_modules\canvas\node_modules\.bin;C:\Users\lma5\Documents\Work Related\JsdomLearn-master\JsdomLearn-master\node_modules\.bin;C:\Program Files (x86)\nodejs;C:\Users\lma5\Documents\Work Related\JsdomLearn-master\JsdomLearn-master\%HOMEDRIVE%%HOMEPATH%\bin;C:\Program Files\Git\mingw64\bin;C:\Program Files\Git\usr\local\bin;C:\Program Files\Git\usr\bin;C:\Program Files\Git\usr\bin;C:\Program Files\Git\mingw64\bin;C:\Program Files\Git\usr\bin;%HOMEDRIVE%%HOMEPATH%\bin;C:\PROGRA~2\MKSToolkit\bin64;C:\PROGRA~2\MKSToolkit\bin;C:\PROGRA~2\MKSToolkit\bin\X11;C:\PROGRA~2\MKSToolkit\mksnt;C:\Program Files (x86)\Intel\iCLS Client;C:\Program Files\Intel\iCLS Client;C:\Program Files\RA2HP;C:\windows\system32;C:\windows;C:\windows\System32\Wbem;C:\windows\System32\WindowsPowerShell\v1.0;C:\Program Files\ActivIdentity\ActivClient;C:\Program Files (x86)\ActivIdentity\ActivClient;C:\Program Files (x86)\Intel\OpenCL SDK\3.0\bin\x86;C:\Program Files (x86)\Intel\OpenCL SDK\3.0\bin\x64;C:\Program Files\Intel\Intel(R) Management Engine Components\DAL;C:\Program Files\Intel\Intel(R) Management Engine Components\IPT;C:\Program Files (x86)\Intel\Intel(R) Management Engine Components\DAL;C:\Program Files (x86)\Intel\Intel(R) Management Engine Components\IPT;C:\Program Files\Microsoft SQL Server\110\Tools\Binn;C:\Program Files\Microsoft\Web Platform Installer;C:\Program Files (x86)\Microsoft ASP.NET\ASP.NET Web Pages\v1.0;C:\Program Files\TortoiseSVN\bin;C:\Program Files\Microsoft Network Monitor 3;%USERPROFILE%\.dnx\bin;C:\Program Files\Microsoft DNX\Dnvm;C:\Program Files\Microsoft SQL Server\120\Tools\Binn;C:\Program Files (x86)\Windows Kits\8.1\Windows Performance Toolkit;C:\Program Files\curl_X64_ssl\openssl;C:\Program Files (x86)\nodejs;C:\ProgramData\Hewlett-Packard\PC COE\VSC\Drivers;C:\Program Files (x86)\Microsoft VS Code\bin;C:\Users\lma5\AppData\Roaming\npm;C:\Program Files\Git\usr\bin\vendor_perl;C:\Program Files\Git\usr\bin\core_perl
342 verbose lifecycle canvas@1.3.15~install: CWD: C:\Users\lma5\Documents\Work Related\JsdomLearn-master\JsdomLearn-master\node_modules\canvas
343 silly lifecycle canvas@1.3.15~install: Args: [ '/d /s /c', 'node-gyp rebuild' ]
344 silly lifecycle canvas@1.3.15~install: Returned: code: 1  signal: null
345 info lifecycle canvas@1.3.15~install: Failed to exec install script
346 verbose unlock done using C:\Users\lma5\AppData\Roaming\npm-cache\_locks\staging-c552c7cfc8c41c9b.lock for C:\Users\lma5\Documents\Work Related\JsdomLearn-master\JsdomLearn-master\node_modules\.staging
347 silly rollbackFailedOptional Starting
348 silly rollbackFailedOptional Finishing
349 silly runTopLevelLifecycles Starting
350 silly runTopLevelLifecycles Finishing
351 silly install printInstalled
352 warn jsdomnew@1.0.0 No description
353 warn jsdomnew@1.0.0 No repository field.
354 verbose stack Error: canvas@1.3.15 install: `node-gyp rebuild`
354 verbose stack Exit status 1
354 verbose stack     at EventEmitter.<anonymous> (C:\Program Files (x86)\nodejs\node_modules\npm\lib\utils\lifecycle.js:245:16)
354 verbose stack     at emitTwo (events.js:106:13)
354 verbose stack     at EventEmitter.emit (events.js:191:7)
354 verbose stack     at ChildProcess.<anonymous> (C:\Program Files (x86)\nodejs\node_modules\npm\lib\utils\spawn.js:24:14)
354 verbose stack     at emitTwo (events.js:106:13)
354 verbose stack     at ChildProcess.emit (events.js:191:7)
354 verbose stack     at maybeClose (internal/child_process.js:850:16)
354 verbose stack     at Process.ChildProcess._handle.onexit (internal/child_process.js:215:5)
355 verbose pkgid canvas@1.3.15
356 verbose cwd C:\Users\lma5\Documents\Work Related\JsdomLearn-master\JsdomLearn-master
357 error Windows_NT 6.1.7601
358 error argv "C:\\Program Files (x86)\\nodejs\\node.exe" "C:\\Program Files (x86)\\nodejs\\node_modules\\npm\\bin\\npm-cli.js" "install" "canvas"
359 error node v6.2.0
360 error npm  v3.8.9
361 error code ELIFECYCLE
362 error canvas@1.3.15 install: `node-gyp rebuild`
362 error Exit status 1
363 error Failed at the canvas@1.3.15 install script 'node-gyp rebuild'.
363 error Make sure you have the latest version of node.js and npm installed.
363 error If you do, this is most likely a problem with the canvas package,
363 error not with npm itself.
363 error Tell the author that this fails on your system:
363 error     node-gyp rebuild
363 error You can get information on how to open an issue for this project with:
363 error     npm bugs canvas
363 error Or if that isn't available, you can get their info via:
363 error     npm owner ls canvas
363 error There is likely additional logging output above.
364 verbose exit [ 1, true ]
